<?xml version="1.0" encoding="UTF-8"?>
<!-- Generated by org.testng.reporters.JUnitReportReporter -->
<testsuite hostname="Neils-MacBook-Pro.local" failures="0" tests="42" name="com.qa.growpital.tests.LoginPageTest" time="198.925" errors="0" timestamp="2023-12-28T19:44:58 IST" skipped="0">
  <testcase classname="com.qa.growpital.tests.LoginPageTest" name="verifyLoginPageTitle" time="6.506"/>
  <system-out/>
  <testcase classname="com.qa.growpital.tests.LoginPageTest" name="verifyLoginPageTitle" time="5.017"/>
  <system-out/>
  <testcase classname="com.qa.growpital.tests.LoginPageTest" name="verifyLoginPageTitle" time="0.235"/>
  <system-out/>
  <testcase classname="com.qa.growpital.tests.LoginPageTest" name="verifyLoginPageTitle" time="5.279"/>
  <system-out/>
  <testcase classname="com.qa.growpital.tests.LoginPageTest" name="verifyLoginPageTitle" time="0.122"/>
  <system-out/>
  <testcase classname="com.qa.growpital.tests.LoginPageTest" name="verifyLoginPageTitle" time="7.882"/>
  <system-out/>
  <testcase classname="com.qa.growpital.tests.LoginPageTest" name="verifyForgotPasswordLinkExist" time="0.342"/>
  <system-out/>
  <testcase classname="com.qa.growpital.tests.LoginPageTest" name="verifyForgotPasswordLinkExist" time="1.537"/>
  <system-out/>
  <testcase classname="com.qa.growpital.tests.LoginPageTest" name="verifyForgotPasswordLinkExist" time="0.572"/>
  <system-out/>
  <testcase classname="com.qa.growpital.tests.LoginPageTest" name="verifyForgotPasswordLinkExist" time="4.283"/>
  <system-out/>
  <testcase classname="com.qa.growpital.tests.LoginPageTest" name="verifyForgotPasswordLinkExist" time="7.169"/>
  <system-out/>
  <testcase classname="com.qa.growpital.tests.LoginPageTest" name="verifyForgotPasswordLinkExist" time="0.057"/>
  <system-out/>
  <testcase classname="com.qa.growpital.tests.LoginPageTest" name="verifySignUpLinkExist" time="0.010"/>
  <system-out/>
  <testcase classname="com.qa.growpital.tests.LoginPageTest" name="verifySignUpLinkExist" time="0.098"/>
  <system-out/>
  <testcase classname="com.qa.growpital.tests.LoginPageTest" name="verifySignUpLinkExist" time="0.210"/>
  <system-out/>
  <testcase classname="com.qa.growpital.tests.LoginPageTest" name="verifySignUpLinkExist" time="5.023"/>
  <system-out/>
  <testcase classname="com.qa.growpital.tests.LoginPageTest" name="verifySignUpLinkExist" time="0.010"/>
  <system-out/>
  <testcase classname="com.qa.growpital.tests.LoginPageTest" name="verifySignUpLinkExist" time="5.020"/>
  <system-out/>
  <testcase classname="com.qa.growpital.tests.LoginPageTest" name="loginToGrowpital" time="5.953"/>
  <system-out/>
  <testcase classname="com.qa.growpital.tests.LoginPageTest" name="loginToGrowpital" time="12.548"/>
  <system-out/>
  <testcase classname="com.qa.growpital.tests.LoginPageTest" name="loginToGrowpital" time="8.755"/>
  <system-out/>
  <testcase classname="com.qa.growpital.tests.LoginPageTest" name="loginToGrowpital" time="5.780"/>
  <system-out/>
  <testcase classname="com.qa.growpital.tests.LoginPageTest" name="loginToGrowpital" time="6.623"/>
  <system-out/>
  <testcase classname="com.qa.growpital.tests.LoginPageTest" name="loginToGrowpital" time="7.053"/>
  <system-out/>
  <testcase classname="com.qa.growpital.tests.LoginPageTest" name="verifyDashboardPageURL" time="5.006"/>
  <system-out/>
  <testcase classname="com.qa.growpital.tests.LoginPageTest" name="verifyDashboardPageURL" time="10.010"/>
  <system-out/>
  <testcase classname="com.qa.growpital.tests.LoginPageTest" name="verifyDashboardPageURL" time="5.007"/>
  <system-out/>
  <testcase classname="com.qa.growpital.tests.LoginPageTest" name="verifyDashboardPageURL" time="5.005"/>
  <system-out/>
  <testcase classname="com.qa.growpital.tests.LoginPageTest" name="verifyDashboardPageURL" time="10.040"/>
  <system-out/>
  <testcase classname="com.qa.growpital.tests.LoginPageTest" name="verifyDashboardPageURL" time="5.009"/>
  <system-out/>
  <testcase classname="com.qa.growpital.tests.LoginPageTest" name="verifySingOutText" time="10.409"/>
  <system-out/>
  <testcase classname="com.qa.growpital.tests.LoginPageTest" name="verifySingOutText" time="5.121"/>
  <system-out/>
  <testcase classname="com.qa.growpital.tests.LoginPageTest" name="verifySingOutText" time="5.090"/>
  <system-out/>
  <testcase classname="com.qa.growpital.tests.LoginPageTest" name="verifySingOutText" time="10.136"/>
  <system-out/>
  <testcase classname="com.qa.growpital.tests.LoginPageTest" name="verifySingOutText" time="10.293"/>
  <system-out/>
  <testcase classname="com.qa.growpital.tests.LoginPageTest" name="verifySingOutText" time="5.585"/>
  <system-out/>
  <testcase classname="com.qa.growpital.tests.LoginPageTest" name="verifySingOutFromApp" time="0.271"/>
  <system-out/>
  <testcase classname="com.qa.growpital.tests.LoginPageTest" name="verifySingOutFromApp" time="5.112"/>
  <system-out/>
  <testcase classname="com.qa.growpital.tests.LoginPageTest" name="verifySingOutFromApp" time="5.180"/>
  <system-out/>
  <testcase classname="com.qa.growpital.tests.LoginPageTest" name="verifySingOutFromApp" time="5.140"/>
  <system-out/>
  <testcase classname="com.qa.growpital.tests.LoginPageTest" name="verifySingOutFromApp" time="0.231"/>
  <system-out/>
  <testcase classname="com.qa.growpital.tests.LoginPageTest" name="verifySingOutFromApp" time="0.196"/>
  <system-out/>
</testsuite> <!-- com.qa.growpital.tests.LoginPageTest -->
