<?xml version="1.0" encoding="UTF-8"?>
<!-- Generated by org.testng.reporters.JUnitReportReporter -->
<testsuite hostname="Neils-MacBook-Pro.local" failures="0" tests="42" name="com.qa.growpital.tests.LoginPageTest" time="206.363" errors="0" timestamp="2023-12-30T03:30:55 IST" skipped="0">
  <testcase classname="com.qa.growpital.tests.LoginPageTest" name="verifyLoginPageTitle" time="5.023"/>
  <system-out/>
  <testcase classname="com.qa.growpital.tests.LoginPageTest" name="verifyLoginPageTitle" time="5.143"/>
  <system-out/>
  <testcase classname="com.qa.growpital.tests.LoginPageTest" name="verifyLoginPageTitle" time="5.200"/>
  <system-out/>
  <testcase classname="com.qa.growpital.tests.LoginPageTest" name="verifyLoginPageTitle" time="0.764"/>
  <system-out/>
  <testcase classname="com.qa.growpital.tests.LoginPageTest" name="verifyLoginPageTitle" time="0.015"/>
  <system-out/>
  <testcase classname="com.qa.growpital.tests.LoginPageTest" name="verifyLoginPageTitle" time="6.587"/>
  <system-out/>
  <testcase classname="com.qa.growpital.tests.LoginPageTest" name="verifyForgotPasswordLinkExist" time="0.050"/>
  <system-out/>
  <testcase classname="com.qa.growpital.tests.LoginPageTest" name="verifyForgotPasswordLinkExist" time="0.887"/>
  <system-out/>
  <testcase classname="com.qa.growpital.tests.LoginPageTest" name="verifyForgotPasswordLinkExist" time="6.790"/>
  <system-out/>
  <testcase classname="com.qa.growpital.tests.LoginPageTest" name="verifyForgotPasswordLinkExist" time="7.484"/>
  <system-out/>
  <testcase classname="com.qa.growpital.tests.LoginPageTest" name="verifyForgotPasswordLinkExist" time="0.222"/>
  <system-out/>
  <testcase classname="com.qa.growpital.tests.LoginPageTest" name="verifyForgotPasswordLinkExist" time="0.195"/>
  <system-out/>
  <testcase classname="com.qa.growpital.tests.LoginPageTest" name="verifySignUpLinkExist" time="0.007"/>
  <system-out/>
  <testcase classname="com.qa.growpital.tests.LoginPageTest" name="verifySignUpLinkExist" time="0.016"/>
  <system-out/>
  <testcase classname="com.qa.growpital.tests.LoginPageTest" name="verifySignUpLinkExist" time="5.019"/>
  <system-out/>
  <testcase classname="com.qa.growpital.tests.LoginPageTest" name="verifySignUpLinkExist" time="0.011"/>
  <system-out/>
  <testcase classname="com.qa.growpital.tests.LoginPageTest" name="verifySignUpLinkExist" time="0.015"/>
  <system-out/>
  <testcase classname="com.qa.growpital.tests.LoginPageTest" name="verifySignUpLinkExist" time="5.028"/>
  <system-out/>
  <testcase classname="com.qa.growpital.tests.LoginPageTest" name="loginToGrowpital" time="7.236"/>
  <system-out/>
  <testcase classname="com.qa.growpital.tests.LoginPageTest" name="loginToGrowpital" time="5.957"/>
  <system-out/>
  <testcase classname="com.qa.growpital.tests.LoginPageTest" name="loginToGrowpital" time="5.689"/>
  <system-out/>
  <testcase classname="com.qa.growpital.tests.LoginPageTest" name="loginToGrowpital" time="6.089"/>
  <system-out/>
  <testcase classname="com.qa.growpital.tests.LoginPageTest" name="loginToGrowpital" time="6.588"/>
  <system-out/>
  <testcase classname="com.qa.growpital.tests.LoginPageTest" name="loginToGrowpital" time="7.553"/>
  <system-out/>
  <testcase classname="com.qa.growpital.tests.LoginPageTest" name="verifyDashboardPageURL" time="10.014"/>
  <system-out/>
  <testcase classname="com.qa.growpital.tests.LoginPageTest" name="verifyDashboardPageURL" time="10.008"/>
  <system-out/>
  <testcase classname="com.qa.growpital.tests.LoginPageTest" name="verifyDashboardPageURL" time="5.007"/>
  <system-out/>
  <testcase classname="com.qa.growpital.tests.LoginPageTest" name="verifyDashboardPageURL" time="10.015"/>
  <system-out/>
  <testcase classname="com.qa.growpital.tests.LoginPageTest" name="verifyDashboardPageURL" time="10.015"/>
  <system-out/>
  <testcase classname="com.qa.growpital.tests.LoginPageTest" name="verifyDashboardPageURL" time="10.008"/>
  <system-out/>
  <testcase classname="com.qa.growpital.tests.LoginPageTest" name="verifySingOutText" time="5.226"/>
  <system-out/>
  <testcase classname="com.qa.growpital.tests.LoginPageTest" name="verifySingOutText" time="10.141"/>
  <system-out/>
  <testcase classname="com.qa.growpital.tests.LoginPageTest" name="verifySingOutText" time="5.288"/>
  <system-out/>
  <testcase classname="com.qa.growpital.tests.LoginPageTest" name="verifySingOutText" time="10.262"/>
  <system-out/>
  <testcase classname="com.qa.growpital.tests.LoginPageTest" name="verifySingOutText" time="5.333"/>
  <system-out/>
  <testcase classname="com.qa.growpital.tests.LoginPageTest" name="verifySingOutText" time="5.886"/>
  <system-out/>
  <testcase classname="com.qa.growpital.tests.LoginPageTest" name="verifySingOutFromApp" time="5.338"/>
  <system-out/>
  <testcase classname="com.qa.growpital.tests.LoginPageTest" name="verifySingOutFromApp" time="5.093"/>
  <system-out/>
  <testcase classname="com.qa.growpital.tests.LoginPageTest" name="verifySingOutFromApp" time="0.144"/>
  <system-out/>
  <testcase classname="com.qa.growpital.tests.LoginPageTest" name="verifySingOutFromApp" time="0.290"/>
  <system-out/>
  <testcase classname="com.qa.growpital.tests.LoginPageTest" name="verifySingOutFromApp" time="5.631"/>
  <system-out/>
  <testcase classname="com.qa.growpital.tests.LoginPageTest" name="verifySingOutFromApp" time="5.096"/>
  <system-out/>
</testsuite> <!-- com.qa.growpital.tests.LoginPageTest -->
